Using pre-set license
Built from '2021.3/staging' branch; Version is '2021.3.15f1 (e8e88683f834) revision 15263878'; Using compiler version '192829333'; Build Type 'Release'
OS: 'Windows 11  (10.0.22621) 64bit Professional' Language: 'en' Physical Memory: 16157 MB
BatchMode: 1, IsHumanControllingUs: 0, StartBugReporterOnCrash: 0, Is64bit: 1, IsPro: 1

COMMAND LINE ARGUMENTS:
C:\Program Files\Unity\Hub\Editor\2021.3.15f1\Editor\Unity.exe
-adb2
-batchMode
-noUpm
-name
AssetImportWorker2
-projectPath
C:/Raiden/Projects/MineSweeper
-logFile
Logs/AssetImportWorker2.log
-srvPort
50914
Successfully changed project path to: C:/Raiden/Projects/MineSweeper
C:/Raiden/Projects/MineSweeper
[UnityMemory] Configuration Parameters - Can be set up in boot.config
    "memorysetup-bucket-allocator-granularity=16"
    "memorysetup-bucket-allocator-bucket-count=8"
    "memorysetup-bucket-allocator-block-size=33554432"
    "memorysetup-bucket-allocator-block-count=8"
    "memorysetup-main-allocator-block-size=16777216"
    "memorysetup-thread-allocator-block-size=16777216"
    "memorysetup-gfx-main-allocator-block-size=16777216"
    "memorysetup-gfx-thread-allocator-block-size=16777216"
    "memorysetup-cache-allocator-block-size=4194304"
    "memorysetup-typetree-allocator-block-size=2097152"
    "memorysetup-profiler-bucket-allocator-granularity=16"
    "memorysetup-profiler-bucket-allocator-bucket-count=8"
    "memorysetup-profiler-bucket-allocator-block-size=33554432"
    "memorysetup-profiler-bucket-allocator-block-count=8"
    "memorysetup-profiler-allocator-block-size=16777216"
    "memorysetup-profiler-editor-allocator-block-size=1048576"
    "memorysetup-temp-allocator-size-main=16777216"
    "memorysetup-job-temp-allocator-block-size=2097152"
    "memorysetup-job-temp-allocator-block-size-background=1048576"
    "memorysetup-job-temp-allocator-reduction-small-platforms=262144"
    "memorysetup-temp-allocator-size-background-worker=32768"
    "memorysetup-temp-allocator-size-job-worker=262144"
    "memorysetup-temp-allocator-size-preload-manager=33554432"
    "memorysetup-temp-allocator-size-nav-mesh-worker=65536"
    "memorysetup-temp-allocator-size-audio-worker=65536"
    "memorysetup-temp-allocator-size-cloud-worker=32768"
    "memorysetup-temp-allocator-size-gi-baking-worker=262144"
    "memorysetup-temp-allocator-size-gfx=262144"
Player connection [35700] Host "[IP] 10.0.1.173 [Port] 0 [Flags] 2 [Guid] 242735429 [EditorId] 242735429 [Version] 1048832 [Id] WindowsEditor(7,Raiden) [Debug] 1 [PackageName] WindowsEditor [ProjectName] Editor" joined multi-casting on [225.0.0.222:54997]...

Player connection [35700] Host "[IP] 10.0.1.173 [Port] 0 [Flags] 2 [Guid] 242735429 [EditorId] 242735429 [Version] 1048832 [Id] WindowsEditor(7,Raiden) [Debug] 1 [PackageName] WindowsEditor [ProjectName] Editor" joined alternative multi-casting on [225.0.0.222:34997]...

Refreshing native plugins compatible for Editor in 70.03 ms, found 4 plugins.
Preloading 0 native plugins for Editor in 0.00 ms.
Initialize engine version: 2021.3.15f1 (e8e88683f834)
[Subsystems] Discovering subsystems at path C:/Program Files/Unity/Hub/Editor/2021.3.15f1/Editor/Data/Resources/UnitySubsystems
[Subsystems] Discovering subsystems at path C:/Raiden/Projects/MineSweeper/Assets
GfxDevice: creating device client; threaded=0; jobified=0
Direct3D:
    Version:  Direct3D 11.0 [level 11.1]
    Renderer: NVIDIA GeForce RTX 3060 (ID=0x2504)
    Vendor:   NVIDIA
    VRAM:     12129 MB
    Driver:   31.0.15.2756
Initialize mono
Mono path[0] = 'C:/Program Files/Unity/Hub/Editor/2021.3.15f1/Editor/Data/Managed'
Mono path[1] = 'C:/Program Files/Unity/Hub/Editor/2021.3.15f1/Editor/Data/MonoBleedingEdge/lib/mono/unityjit-win32'
Mono config path = 'C:/Program Files/Unity/Hub/Editor/2021.3.15f1/Editor/Data/MonoBleedingEdge/etc'
Using monoOptions --debugger-agent=transport=dt_socket,embedding=1,server=y,suspend=n,address=127.0.0.1:56396
Begin MonoManager ReloadAssembly
Registering precompiled unity dll's ...
Register platform support module: C:/Program Files/Unity/Hub/Editor/2021.3.15f1/Editor/Data/PlaybackEngines/WindowsStandaloneSupport/UnityEditor.WindowsStandalone.Extensions.dll
Registered in 0.003631 seconds.
Native extension for WindowsStandalone target not found
Refreshing native plugins compatible for Editor in 71.66 ms, found 4 plugins.
Preloading 0 native plugins for Editor in 0.00 ms.
Mono: successfully reloaded assembly
- Completed reload, in  0.623 seconds
Domain Reload Profiling:
	ReloadAssembly (623ms)
		BeginReloadAssembly (123ms)
			ExecutionOrderSort (0ms)
			DisableScriptedObjects (0ms)
			BackupInstance (0ms)
			ReleaseScriptingObjects (0ms)
			CreateAndSetChildDomain (1ms)
		EndReloadAssembly (403ms)
			LoadAssemblies (121ms)
			RebuildTransferFunctionScriptingTraits (0ms)
			SetupTypeCache (117ms)
			ReleaseScriptCaches (0ms)
			RebuildScriptCaches (21ms)
			SetupLoadedEditorAssemblies (220ms)
				LogAssemblyErrors (0ms)
				InitializePlatformSupportModulesInManaged (8ms)
				SetLoadedEditorAssemblies (0ms)
				RefreshPlugins (72ms)
				BeforeProcessingInitializeOnLoad (1ms)
				ProcessInitializeOnLoadAttributes (104ms)
				ProcessInitializeOnLoadMethodAttributes (35ms)
				AfterProcessingInitializeOnLoad (0ms)
				EditorAssembliesLoaded (0ms)
			ExecutionOrderSort2 (0ms)
			AwakeInstancesAfterBackupRestoration (0ms)
Platform modules already initialized, skipping
Registering precompiled user dll's ...
Registered in 0.004418 seconds.
Begin MonoManager ReloadAssembly
Symbol file LoadedFromMemory doesn't match image C:\Raiden\Projects\MineSweeper\Library\PackageCache\com.unity.visualscripting@1.7.8\Editor\VisualScripting.Core\Dependencies\YamlDotNet\Unity.VisualScripting.YamlDotNet.dll
Symbol file LoadedFromMemory doesn't match image C:\Raiden\Projects\MineSweeper\Library\PackageCache\com.unity.visualscripting@1.7.8\Editor\VisualScripting.Core\Dependencies\DotNetZip\Unity.VisualScripting.IonicZip.dll
Native extension for WindowsStandalone target not found
Refreshing native plugins compatible for Editor in 70.45 ms, found 4 plugins.
Preloading 0 native plugins for Editor in 0.00 ms.
Mono: successfully reloaded assembly
- Completed reload, in  0.938 seconds
Domain Reload Profiling:
	ReloadAssembly (939ms)
		BeginReloadAssembly (81ms)
			ExecutionOrderSort (0ms)
			DisableScriptedObjects (4ms)
			BackupInstance (0ms)
			ReleaseScriptingObjects (0ms)
			CreateAndSetChildDomain (16ms)
		EndReloadAssembly (754ms)
			LoadAssemblies (66ms)
			RebuildTransferFunctionScriptingTraits (0ms)
			SetupTypeCache (213ms)
			ReleaseScriptCaches (1ms)
			RebuildScriptCaches (42ms)
			SetupLoadedEditorAssemblies (387ms)
				LogAssemblyErrors (0ms)
				InitializePlatformSupportModulesInManaged (3ms)
				SetLoadedEditorAssemblies (0ms)
				RefreshPlugins (71ms)
				BeforeProcessingInitializeOnLoad (73ms)
				ProcessInitializeOnLoadAttributes (199ms)
				ProcessInitializeOnLoadMethodAttributes (36ms)
				AfterProcessingInitializeOnLoad (5ms)
				EditorAssembliesLoaded (0ms)
			ExecutionOrderSort2 (0ms)
			AwakeInstancesAfterBackupRestoration (5ms)
Platform modules already initialized, skipping
========================================================================
Worker process is ready to serve import requests
Launched and connected shader compiler UnityShaderCompiler.exe after 0.04 seconds
Refreshing native plugins compatible for Editor in 0.75 ms, found 4 plugins.
Preloading 0 native plugins for Editor in 0.00 ms.
Unloading 4045 Unused Serialized files (Serialized files now loaded: 0)
Unloading 44 unused Assets / (229.4 KB). Loaded Objects now: 4495.
Memory consumption went from 150.7 MB to 150.4 MB.
Total: 2.618800 ms (FindLiveObjects: 0.267400 ms CreateObjectMapping: 0.130300 ms MarkObjects: 2.085700 ms  DeleteObjects: 0.134500 ms)

AssetImportParameters requested are different than current active one (requested -> active):
  custom:video-decoder-ogg-theora: a1e56fd34408186e4bbccfd4996cb3dc -> 
  custom:container-muxer-webm: aa71ff27fc2769a1b78a27578f13a17b -> 
  custom:container-demuxer-webm: 4f35f7cbe854078d1ac9338744f61a02 -> 
  custom:video-encoder-webm-vp8: eb34c28f22e8b96e1ab97ce403110664 -> 
  custom:audio-encoder-webm-vorbis: bf7c407c2cedff20999df2af8eb42d56 -> 
  custom:framework-win-MediaFoundation: 216162199b28c13a410421893ffa2e32 -> 
  custom:container-demuxer-ogg: 62fdf1f143b41e24485cea50d1cbac27 -> 
  custom:video-decoder-webm-vp8: 9c59270c3fd7afecdb556c50c9e8de78 -> 
  custom:audio-decoder-ogg-vorbis: bf7c407c2cedff20999df2af8eb42d56 -> 
========================================================================
Received Import Request.
  Time since last request: 539448.510284 seconds.
  path: Assets/TileMine.png
  artifactKey: Guid(32456c20b8ffc8c4caac795454b91b51) Importer(815301076,1909f56bfc062723c751e8b465ee728b)
Start importing Assets/TileMine.png using Guid(32456c20b8ffc8c4caac795454b91b51) Importer(815301076,1909f56bfc062723c751e8b465ee728b)  -> (artifact id: '20f54e9aa68aba6dab137104c7d49164') in 0.109857 seconds 
========================================================================
Received Import Request.
  Time since last request: 0.000021 seconds.
  path: Assets/Tile1.png
  artifactKey: Guid(90b2d2dc1e61b7041ab45ee64be0730c) Importer(815301076,1909f56bfc062723c751e8b465ee728b)
Start importing Assets/Tile1.png using Guid(90b2d2dc1e61b7041ab45ee64be0730c) Importer(815301076,1909f56bfc062723c751e8b465ee728b)  -> (artifact id: '052098648e1a3b2711246e6f8b84f532') in 0.009224 seconds 
========================================================================
Received Import Request.
  Time since last request: 0.000028 seconds.
  path: Assets/Tile3.png
  artifactKey: Guid(6743122e53074cb47a783b97880fdb79) Importer(815301076,1909f56bfc062723c751e8b465ee728b)
Start importing Assets/Tile3.png using Guid(6743122e53074cb47a783b97880fdb79) Importer(815301076,1909f56bfc062723c751e8b465ee728b)  -> (artifact id: '2db72ed8dfc37f4870b9c8c85b81eaf9') in 0.011654 seconds 
========================================================================
Received Import Request.
  Time since last request: 0.000024 seconds.
  path: Assets/Tile7.png
  artifactKey: Guid(44375472702a831489f20a29198af780) Importer(815301076,1909f56bfc062723c751e8b465ee728b)
Start importing Assets/Tile7.png using Guid(44375472702a831489f20a29198af780) Importer(815301076,1909f56bfc062723c751e8b465ee728b)  -> (artifact id: 'd295df11b1d8c81f9062ecef5feb1561') in 0.009701 seconds 
========================================================================
Received Import Request.
  Time since last request: 0.000017 seconds.
  path: Assets/TileFlag.png
  artifactKey: Guid(c98acbe01c76ff04db01025cc7707749) Importer(815301076,1909f56bfc062723c751e8b465ee728b)
Start importing Assets/TileFlag.png using Guid(c98acbe01c76ff04db01025cc7707749) Importer(815301076,1909f56bfc062723c751e8b465ee728b)  -> (artifact id: '59cb321264723b865ca94e01403126c3') in 0.009761 seconds 
========================================================================
Received Import Request.
  Time since last request: 11.534541 seconds.
  path: Assets
  artifactKey: Guid(00000000000000001000000000000000) Importer(815301076,1909f56bfc062723c751e8b465ee728b)
Start importing Assets using Guid(00000000000000001000000000000000) Importer(815301076,1909f56bfc062723c751e8b465ee728b)  -> (artifact id: '79842766b460edbeab6a34051e857a80') in 0.006385 seconds 
========================================================================
Received Import Request.
  Time since last request: 11.564073 seconds.
  path: Assets/Sprites
  artifactKey: Guid(466f2d1aaca91e345aafac735e6cf7f9) Importer(815301076,1909f56bfc062723c751e8b465ee728b)
Start importing Assets/Sprites using Guid(466f2d1aaca91e345aafac735e6cf7f9) Importer(815301076,1909f56bfc062723c751e8b465ee728b)  -> (artifact id: 'efe3272512234fa5aa639a79e86dab5d') in 0.005749 seconds 
========================================================================
Received Import Request.
  Time since last request: 84.159448 seconds.
  path: Assets/Sprites/Tile4.png
  artifactKey: Guid(fdeb61c0bb0c71140b53284b40de327e) Importer(815301076,1909f56bfc062723c751e8b465ee728b)
Start importing Assets/Sprites/Tile4.png using Guid(fdeb61c0bb0c71140b53284b40de327e) Importer(815301076,1909f56bfc062723c751e8b465ee728b)  -> (artifact id: '98af18d8898a28d238166892df4d7c23') in 0.009019 seconds 
========================================================================
Received Import Request.
  Time since last request: 0.005564 seconds.
  path: Assets/Sprites/Tile1.png
  artifactKey: Guid(90b2d2dc1e61b7041ab45ee64be0730c) Importer(815301076,1909f56bfc062723c751e8b465ee728b)
Start importing Assets/Sprites/Tile1.png using Guid(90b2d2dc1e61b7041ab45ee64be0730c) Importer(815301076,1909f56bfc062723c751e8b465ee728b)  -> (artifact id: 'ff3eb3350a12e7ab17d5fb996aa0a70e') in 0.017262 seconds 
========================================================================
Received Import Request.
  Time since last request: 0.000031 seconds.
  path: Assets/Sprites/TileMine.png
  artifactKey: Guid(32456c20b8ffc8c4caac795454b91b51) Importer(815301076,1909f56bfc062723c751e8b465ee728b)
Start importing Assets/Sprites/TileMine.png using Guid(32456c20b8ffc8c4caac795454b91b51) Importer(815301076,1909f56bfc062723c751e8b465ee728b)  -> (artifact id: '827e45cf0e419cfc57f5b7d340d7d330') in 0.012210 seconds 
========================================================================
Received Import Request.
  Time since last request: 0.000046 seconds.
  path: Assets/Sprites/TileEmpty.png
  artifactKey: Guid(750d06ed88b7f364f8642949ea54a3bf) Importer(815301076,1909f56bfc062723c751e8b465ee728b)
Start importing Assets/Sprites/TileEmpty.png using Guid(750d06ed88b7f364f8642949ea54a3bf) Importer(815301076,1909f56bfc062723c751e8b465ee728b)  -> (artifact id: '020002af4047d9475d9987ddde5cb06b') in 0.018218 seconds 
========================================================================
Received Import Request.
  Time since last request: 0.000078 seconds.
  path: Assets/Sprites/Tile3.png
  artifactKey: Guid(6743122e53074cb47a783b97880fdb79) Importer(815301076,1909f56bfc062723c751e8b465ee728b)
Start importing Assets/Sprites/Tile3.png using Guid(6743122e53074cb47a783b97880fdb79) Importer(815301076,1909f56bfc062723c751e8b465ee728b)  -> (artifact id: 'a6761140dfa8aa54d00372040294258c') in 0.016400 seconds 
========================================================================
Received Import Request.
  Time since last request: 0.000044 seconds.
  path: Assets/Sprites/Tile7.png
  artifactKey: Guid(44375472702a831489f20a29198af780) Importer(815301076,1909f56bfc062723c751e8b465ee728b)
Start importing Assets/Sprites/Tile7.png using Guid(44375472702a831489f20a29198af780) Importer(815301076,1909f56bfc062723c751e8b465ee728b)  -> (artifact id: 'bc6baf4e7f7906e320c3ec912921af0f') in 0.012103 seconds 
========================================================================
Received Import Request.
  Time since last request: 0.000050 seconds.
  path: Assets/Sprites/Tile6.png
  artifactKey: Guid(576ec4ecd402ccb439dffcc1349f9f1a) Importer(815301076,1909f56bfc062723c751e8b465ee728b)
Start importing Assets/Sprites/Tile6.png using Guid(576ec4ecd402ccb439dffcc1349f9f1a) Importer(815301076,1909f56bfc062723c751e8b465ee728b)  -> (artifact id: 'c70f9e92d99355cdf600165c748929a4') in 0.013063 seconds 
Editor requested this worker to shutdown with reason: Scaling down because of idle timeout
AssetImportWorker is now disconnected from the server
Process exiting
Exiting without the bug reporter. Application will terminate with return code 0