Using pre-set license
Built from '2021.3/staging' branch; Version is '2021.3.15f1 (e8e88683f834) revision 15263878'; Using compiler version '192829333'; Build Type 'Release'
OS: 'Windows 11  (10.0.22621) 64bit Professional' Language: 'en' Physical Memory: 16157 MB
BatchMode: 1, IsHumanControllingUs: 0, StartBugReporterOnCrash: 0, Is64bit: 1, IsPro: 1

COMMAND LINE ARGUMENTS:
C:\Program Files\Unity\Hub\Editor\2021.3.15f1\Editor\Unity.exe
-adb2
-batchMode
-noUpm
-name
AssetImportWorker1
-projectPath
C:/Raiden/Projects/MineSweeper
-logFile
Logs/AssetImportWorker1.log
-srvPort
50914
Successfully changed project path to: C:/Raiden/Projects/MineSweeper
C:/Raiden/Projects/MineSweeper
[UnityMemory] Configuration Parameters - Can be set up in boot.config
    "memorysetup-bucket-allocator-granularity=16"
    "memorysetup-bucket-allocator-bucket-count=8"
    "memorysetup-bucket-allocator-block-size=33554432"
    "memorysetup-bucket-allocator-block-count=8"
    "memorysetup-main-allocator-block-size=16777216"
    "memorysetup-thread-allocator-block-size=16777216"
    "memorysetup-gfx-main-allocator-block-size=16777216"
    "memorysetup-gfx-thread-allocator-block-size=16777216"
    "memorysetup-cache-allocator-block-size=4194304"
    "memorysetup-typetree-allocator-block-size=2097152"
    "memorysetup-profiler-bucket-allocator-granularity=16"
    "memorysetup-profiler-bucket-allocator-bucket-count=8"
    "memorysetup-profiler-bucket-allocator-block-size=33554432"
    "memorysetup-profiler-bucket-allocator-block-count=8"
    "memorysetup-profiler-allocator-block-size=16777216"
    "memorysetup-profiler-editor-allocator-block-size=1048576"
    "memorysetup-temp-allocator-size-main=16777216"
    "memorysetup-job-temp-allocator-block-size=2097152"
    "memorysetup-job-temp-allocator-block-size-background=1048576"
    "memorysetup-job-temp-allocator-reduction-small-platforms=262144"
    "memorysetup-temp-allocator-size-background-worker=32768"
    "memorysetup-temp-allocator-size-job-worker=262144"
    "memorysetup-temp-allocator-size-preload-manager=33554432"
    "memorysetup-temp-allocator-size-nav-mesh-worker=65536"
    "memorysetup-temp-allocator-size-audio-worker=65536"
    "memorysetup-temp-allocator-size-cloud-worker=32768"
    "memorysetup-temp-allocator-size-gi-baking-worker=262144"
    "memorysetup-temp-allocator-size-gfx=262144"
Player connection [45548] Host "[IP] 10.0.1.173 [Port] 0 [Flags] 2 [Guid] 3726594979 [EditorId] 3726594979 [Version] 1048832 [Id] WindowsEditor(7,Raiden) [Debug] 1 [PackageName] WindowsEditor [ProjectName] Editor" joined multi-casting on [225.0.0.222:54997]...

Player connection [45548] Host "[IP] 10.0.1.173 [Port] 0 [Flags] 2 [Guid] 3726594979 [EditorId] 3726594979 [Version] 1048832 [Id] WindowsEditor(7,Raiden) [Debug] 1 [PackageName] WindowsEditor [ProjectName] Editor" joined alternative multi-casting on [225.0.0.222:34997]...

Refreshing native plugins compatible for Editor in 63.81 ms, found 4 plugins.
Preloading 0 native plugins for Editor in 0.00 ms.
Initialize engine version: 2021.3.15f1 (e8e88683f834)
[Subsystems] Discovering subsystems at path C:/Program Files/Unity/Hub/Editor/2021.3.15f1/Editor/Data/Resources/UnitySubsystems
[Subsystems] Discovering subsystems at path C:/Raiden/Projects/MineSweeper/Assets
GfxDevice: creating device client; threaded=0; jobified=0
Direct3D:
    Version:  Direct3D 11.0 [level 11.1]
    Renderer: NVIDIA GeForce RTX 3060 (ID=0x2504)
    Vendor:   NVIDIA
    VRAM:     12129 MB
    Driver:   31.0.15.2756
Initialize mono
Mono path[0] = 'C:/Program Files/Unity/Hub/Editor/2021.3.15f1/Editor/Data/Managed'
Mono path[1] = 'C:/Program Files/Unity/Hub/Editor/2021.3.15f1/Editor/Data/MonoBleedingEdge/lib/mono/unityjit-win32'
Mono config path = 'C:/Program Files/Unity/Hub/Editor/2021.3.15f1/Editor/Data/MonoBleedingEdge/etc'
Using monoOptions --debugger-agent=transport=dt_socket,embedding=1,server=y,suspend=n,address=127.0.0.1:56780
Begin MonoManager ReloadAssembly
Registering precompiled unity dll's ...
Register platform support module: C:/Program Files/Unity/Hub/Editor/2021.3.15f1/Editor/Data/PlaybackEngines/WindowsStandaloneSupport/UnityEditor.WindowsStandalone.Extensions.dll
Registered in 0.003067 seconds.
Native extension for WindowsStandalone target not found
Refreshing native plugins compatible for Editor in 83.81 ms, found 4 plugins.
Preloading 0 native plugins for Editor in 0.00 ms.
Mono: successfully reloaded assembly
- Completed reload, in  0.596 seconds
Domain Reload Profiling:
	ReloadAssembly (596ms)
		BeginReloadAssembly (104ms)
			ExecutionOrderSort (0ms)
			DisableScriptedObjects (0ms)
			BackupInstance (0ms)
			ReleaseScriptingObjects (0ms)
			CreateAndSetChildDomain (1ms)
		EndReloadAssembly (392ms)
			LoadAssemblies (102ms)
			RebuildTransferFunctionScriptingTraits (0ms)
			SetupTypeCache (95ms)
			ReleaseScriptCaches (0ms)
			RebuildScriptCaches (23ms)
			SetupLoadedEditorAssemblies (231ms)
				LogAssemblyErrors (0ms)
				InitializePlatformSupportModulesInManaged (6ms)
				SetLoadedEditorAssemblies (0ms)
				RefreshPlugins (84ms)
				BeforeProcessingInitializeOnLoad (2ms)
				ProcessInitializeOnLoadAttributes (103ms)
				ProcessInitializeOnLoadMethodAttributes (36ms)
				AfterProcessingInitializeOnLoad (0ms)
				EditorAssembliesLoaded (0ms)
			ExecutionOrderSort2 (0ms)
			AwakeInstancesAfterBackupRestoration (0ms)
Platform modules already initialized, skipping
Registering precompiled user dll's ...
Registered in 0.004169 seconds.
Begin MonoManager ReloadAssembly
Symbol file LoadedFromMemory doesn't match image C:\Raiden\Projects\MineSweeper\Library\PackageCache\com.unity.visualscripting@1.7.8\Editor\VisualScripting.Core\Dependencies\YamlDotNet\Unity.VisualScripting.YamlDotNet.dll
Symbol file LoadedFromMemory doesn't match image C:\Raiden\Projects\MineSweeper\Library\PackageCache\com.unity.visualscripting@1.7.8\Editor\VisualScripting.Core\Dependencies\DotNetZip\Unity.VisualScripting.IonicZip.dll
Native extension for WindowsStandalone target not found
Refreshing native plugins compatible for Editor in 71.64 ms, found 4 plugins.
Preloading 0 native plugins for Editor in 0.00 ms.
Mono: successfully reloaded assembly
- Completed reload, in  0.954 seconds
Domain Reload Profiling:
	ReloadAssembly (954ms)
		BeginReloadAssembly (94ms)
			ExecutionOrderSort (0ms)
			DisableScriptedObjects (4ms)
			BackupInstance (0ms)
			ReleaseScriptingObjects (0ms)
			CreateAndSetChildDomain (15ms)
		EndReloadAssembly (749ms)
			LoadAssemblies (80ms)
			RebuildTransferFunctionScriptingTraits (0ms)
			SetupTypeCache (204ms)
			ReleaseScriptCaches (1ms)
			RebuildScriptCaches (43ms)
			SetupLoadedEditorAssemblies (383ms)
				LogAssemblyErrors (0ms)
				InitializePlatformSupportModulesInManaged (4ms)
				SetLoadedEditorAssemblies (0ms)
				RefreshPlugins (72ms)
				BeforeProcessingInitializeOnLoad (75ms)
				ProcessInitializeOnLoadAttributes (191ms)
				ProcessInitializeOnLoadMethodAttributes (38ms)
				AfterProcessingInitializeOnLoad (4ms)
				EditorAssembliesLoaded (0ms)
			ExecutionOrderSort2 (0ms)
			AwakeInstancesAfterBackupRestoration (4ms)
Platform modules already initialized, skipping
========================================================================
Worker process is ready to serve import requests
Launched and connected shader compiler UnityShaderCompiler.exe after 0.04 seconds
Refreshing native plugins compatible for Editor in 0.54 ms, found 4 plugins.
Preloading 0 native plugins for Editor in 0.00 ms.
Unloading 4045 Unused Serialized files (Serialized files now loaded: 0)
Unloading 44 unused Assets / (229.4 KB). Loaded Objects now: 4495.
Memory consumption went from 150.7 MB to 150.4 MB.
Total: 3.468900 ms (FindLiveObjects: 0.356900 ms CreateObjectMapping: 0.392700 ms MarkObjects: 2.540300 ms  DeleteObjects: 0.178300 ms)

AssetImportParameters requested are different than current active one (requested -> active):
  custom:video-decoder-ogg-theora: a1e56fd34408186e4bbccfd4996cb3dc -> 
  custom:container-muxer-webm: aa71ff27fc2769a1b78a27578f13a17b -> 
  custom:container-demuxer-webm: 4f35f7cbe854078d1ac9338744f61a02 -> 
  custom:video-encoder-webm-vp8: eb34c28f22e8b96e1ab97ce403110664 -> 
  custom:audio-encoder-webm-vorbis: bf7c407c2cedff20999df2af8eb42d56 -> 
  custom:framework-win-MediaFoundation: 216162199b28c13a410421893ffa2e32 -> 
  custom:container-demuxer-ogg: 62fdf1f143b41e24485cea50d1cbac27 -> 
  custom:video-decoder-webm-vp8: 9c59270c3fd7afecdb556c50c9e8de78 -> 
  custom:audio-decoder-ogg-vorbis: bf7c407c2cedff20999df2af8eb42d56 -> 
========================================================================
Received Import Request.
  Time since last request: 539448.530184 seconds.
  path: Assets/TileEmpty.png
  artifactKey: Guid(750d06ed88b7f364f8642949ea54a3bf) Importer(815301076,1909f56bfc062723c751e8b465ee728b)
Start importing Assets/TileEmpty.png using Guid(750d06ed88b7f364f8642949ea54a3bf) Importer(815301076,1909f56bfc062723c751e8b465ee728b)  -> (artifact id: 'b5a2a4120f29a8f7b6c6aeb40efc84eb') in 0.101464 seconds 
========================================================================
Received Import Request.
  Time since last request: 0.000028 seconds.
  path: Assets/Tile2.png
  artifactKey: Guid(0e2ddd4c833bb3342afdccc45c73d3bb) Importer(815301076,1909f56bfc062723c751e8b465ee728b)
Start importing Assets/Tile2.png using Guid(0e2ddd4c833bb3342afdccc45c73d3bb) Importer(815301076,1909f56bfc062723c751e8b465ee728b)  -> (artifact id: '924d00729798cee8e9aa60174180f779') in 0.012391 seconds 
========================================================================
Received Import Request.
  Time since last request: 0.000029 seconds.
  path: Assets/Tile4.png
  artifactKey: Guid(fdeb61c0bb0c71140b53284b40de327e) Importer(815301076,1909f56bfc062723c751e8b465ee728b)
Start importing Assets/Tile4.png using Guid(fdeb61c0bb0c71140b53284b40de327e) Importer(815301076,1909f56bfc062723c751e8b465ee728b)  -> (artifact id: '67dfe89b0d524de0f79b367b21263a13') in 0.009838 seconds 
========================================================================
Received Import Request.
  Time since last request: 0.000021 seconds.
  path: Assets/Tile6.png
  artifactKey: Guid(576ec4ecd402ccb439dffcc1349f9f1a) Importer(815301076,1909f56bfc062723c751e8b465ee728b)
Start importing Assets/Tile6.png using Guid(576ec4ecd402ccb439dffcc1349f9f1a) Importer(815301076,1909f56bfc062723c751e8b465ee728b)  -> (artifact id: 'b1c542ee9bee76705598b6f9844e3c5e') in 0.010618 seconds 
========================================================================
Received Import Request.
  Time since last request: 107.303010 seconds.
  path: Assets/Sprites/Tile2.png
  artifactKey: Guid(0e2ddd4c833bb3342afdccc45c73d3bb) Importer(815301076,1909f56bfc062723c751e8b465ee728b)
Start importing Assets/Sprites/Tile2.png using Guid(0e2ddd4c833bb3342afdccc45c73d3bb) Importer(815301076,1909f56bfc062723c751e8b465ee728b)  -> (artifact id: '7b4dace6e0b5221a6856d0ba8582ff95') in 0.021606 seconds 
========================================================================
Received Import Request.
  Time since last request: 0.000025 seconds.
  path: Assets/Sprites/Tile5.png
  artifactKey: Guid(e4015d74fa08d0849ad4d0fd56a8c3c6) Importer(815301076,1909f56bfc062723c751e8b465ee728b)
Start importing Assets/Sprites/Tile5.png using Guid(e4015d74fa08d0849ad4d0fd56a8c3c6) Importer(815301076,1909f56bfc062723c751e8b465ee728b)  -> (artifact id: 'cbff2a526501a017e546fe1bdb25a88a') in 0.011700 seconds 
========================================================================
Received Import Request.
  Time since last request: 0.000048 seconds.
  path: Assets/Sprites/TileExploded.png
  artifactKey: Guid(3fa4e03286eb4824eb900f3e56f94d00) Importer(815301076,1909f56bfc062723c751e8b465ee728b)
Start importing Assets/Sprites/TileExploded.png using Guid(3fa4e03286eb4824eb900f3e56f94d00) Importer(815301076,1909f56bfc062723c751e8b465ee728b)  -> (artifact id: '6d36dc3142141b554bb9b92dc4e19b55') in 0.016976 seconds 
========================================================================
Received Import Request.
  Time since last request: 0.000061 seconds.
  path: Assets/Sprites/Tile8.png
  artifactKey: Guid(f78d38ad4262d704491e0cef7f970f40) Importer(815301076,1909f56bfc062723c751e8b465ee728b)
Start importing Assets/Sprites/Tile8.png using Guid(f78d38ad4262d704491e0cef7f970f40) Importer(815301076,1909f56bfc062723c751e8b465ee728b)  -> (artifact id: 'f6a249321352e383db192f42613257e2') in 0.021635 seconds 
========================================================================
Received Import Request.
  Time since last request: 0.000049 seconds.
  path: Assets/Sprites/TileUnknown.png
  artifactKey: Guid(f4f4f74cb0510e242a328e356663b804) Importer(815301076,1909f56bfc062723c751e8b465ee728b)
Start importing Assets/Sprites/TileUnknown.png using Guid(f4f4f74cb0510e242a328e356663b804) Importer(815301076,1909f56bfc062723c751e8b465ee728b)  -> (artifact id: '46002baf94934ad0188bd1b85861792c') in 0.014887 seconds 
========================================================================
Received Import Request.
  Time since last request: 0.000031 seconds.
  path: Assets/Sprites/TileFlag.png
  artifactKey: Guid(c98acbe01c76ff04db01025cc7707749) Importer(815301076,1909f56bfc062723c751e8b465ee728b)
Start importing Assets/Sprites/TileFlag.png using Guid(c98acbe01c76ff04db01025cc7707749) Importer(815301076,1909f56bfc062723c751e8b465ee728b)  -> (artifact id: 'e4fa4d9e324c16d5aea35a4f6cf1d32d') in 0.010629 seconds 
